1527633290677	geckodriver	INFO	geckodriver 0.20.1
1527633290689	geckodriver	INFO	Listening on 127.0.0.1:60872
1527633293709	mozrunner::runner	INFO	Running command: "C:\\Program Files (x86)\\Mozilla Firefox\\firefox.exe" "-marionette" "-profile" "C:\\Users\\jquin\\AppData\\Local\\Temp\\rust_mozprofile.ZMjUXn3mKLGW"
Unable to read VR Path Registry from C:\Users\jquin\AppData\Local\openvr\openvrpaths.vrpath
1527633295516	Marionette	INFO	Enabled via --marionette
Unable to read VR Path Registry from C:\Users\jquin\AppData\Local\openvr\openvrpaths.vrpath
Unable to read VR Path Registry from C:\Users\jquin\AppData\Local\openvr\openvrpaths.vrpath
Unable to read VR Path Registry from C:\Users\jquin\AppData\Local\openvr\openvrpaths.vrpath
Unable to read VR Path Registry from C:\Users\jquin\AppData\Local\openvr\openvrpaths.vrpath
1527633297932	Marionette	INFO	Listening on port 60885
1527633298936	Marionette	WARN	TLS certificate errors will be ignored for this session
JavaScript warning: https://www.googletagmanager.com/gtag/js?id=UA-106817084-1, line 69: unreachable code after return statement
JavaScript warning: https://www.googletagmanager.com/gtag/js?id=UA-106817084-1, line 69: unreachable code after return statement
[Parent 13608, Gecko_IOThread] WARNING: pipe error: 109: file z:/build/build/src/ipc/chromium/src/chrome/common/ipc_channel_win.cc, line 346
[Child 11296, Chrome_ChildThread] WARNING: pipe error: 109: file z:/build/build/src/ipc/chromium/src/chrome/common/ipc_channel_win.cc, line 346
[Parent 13608, Gecko_IOThread] WARNING: pipe error: 109: file z:/build/build/src/ipc/chromium/src/chrome/common/ipc_channel_win.cc, line 346
*** UTM:SVC TimerManager:registerTimer called after profile-before-change notification. Ignoring timer registration for id: telemetry_modules_ping

###!!! [Child][MessageChannel::SendAndWait] Error: Channel error: cannot send/recv

1527633370169	geckodriver	INFO	geckodriver 0.20.1
1527633370181	geckodriver	INFO	Listening on 127.0.0.1:61059
1527633373195	mozrunner::runner	INFO	Running command: "C:\\Program Files (x86)\\Mozilla Firefox\\firefox.exe" "-marionette" "-profile" "C:\\Users\\jquin\\AppData\\Local\\Temp\\rust_mozprofile.j5EJ65jDdn5A"
Unable to read VR Path Registry from C:\Users\jquin\AppData\Local\openvr\openvrpaths.vrpath
1527633374614	Marionette	INFO	Enabled via --marionette
Unable to read VR Path Registry from C:\Users\jquin\AppData\Local\openvr\openvrpaths.vrpath
Unable to read VR Path Registry from C:\Users\jquin\AppData\Local\openvr\openvrpaths.vrpath
Unable to read VR Path Registry from C:\Users\jquin\AppData\Local\openvr\openvrpaths.vrpath
Unable to read VR Path Registry from C:\Users\jquin\AppData\Local\openvr\openvrpaths.vrpath
1527633376852	Marionette	INFO	Listening on port 61072
1527633377316	Marionette	WARN	TLS certificate errors will be ignored for this session
JavaScript warning: https://www.googletagmanager.com/gtag/js?id=UA-106817084-1, line 69: unreachable code after return statement
JavaScript warning: https://www.googletagmanager.com/gtag/js?id=UA-106817084-1, line 69: unreachable code after return statement
JavaScript warning: https://www.googletagmanager.com/gtag/js?id=UA-106817084-1, line 69: unreachable code after return statement
JavaScript warning: https://www.googletagmanager.com/gtag/js?id=UA-106817084-1, line 69: unreachable code after return statement
JavaScript warning: https://www.googletagmanager.com/gtag/js?id=UA-106817084-1, line 69: unreachable code after return statement
JavaScript warning: https://www.googletagmanager.com/gtag/js?id=UA-106817084-1, line 69: unreachable code after return statement
JavaScript warning: https://www.googletagmanager.com/gtag/js?id=UA-106817084-1, line 69: unreachable code after return statement
JavaScript warning: https://www.googletagmanager.com/gtag/js?id=UA-106817084-1, line 69: unreachable code after return statement
[Parent 10216, Gecko_IOThread] WARNING: pipe error: 109: file z:/build/build/src/ipc/chromium/src/chrome/common/ipc_channel_win.cc, line 346
[Child 3152, Chrome_ChildThread] WARNING: pipe error: 109: file z:/build/build/src/ipc/chromium/src/chrome/common/ipc_channel_win.cc, line 346
[Child 3152, Ch
###!!! [Child][MessageChannel::SendAndWait] Error: Channel error: cannot send/recv

